custom_order
"post_type"]=>
  string(10) "ae_message"
  ["type"]=>
  string(12) "custom_order"
  ["from_user"]=>
  string(2) "35"
  ["to_user"]=>
  string(1) "1"
  ["conversation_status"]=>
  string(6) "unread"
  ["post_title"]=>
  string(21) "Conversation by buyer"
  ["post_parent"]=>
  string(3) "658"
  ["mjob"]=>
  string(3) "746"
  ["conversation_guid"]=>
  string(59) "http://localhost/et/mje/ae_message/conversation-by-buyer-6/"
  ["post_content"]=>
  string(4) "tét"
  ["budget"]=>
  string(2) "52"
  ["deadline"]=>
  string(2) "55"
  ["_wpnonce"]=>
  string(10) "803160440b"
  ["action"]=>
  string(18) "ae-ae_message-sync"
  ["method"]=>
  string(6) "create"
}

Seller send offer - accept 1 custom order:
array(12) {
  ["post_type"]=>
  string(10) "ae_message"
  ["post_parent"]=>
  string(3) "658"
  ["_wpnonce"]=>
  string(10) "b4bb8791c2"
  ["type"]=>
  string(5) "offer"
  ["from_user"]=>
  string(1) "1"
  ["to_user"]=>
  string(2) "35"
  ["custom_order_id"]=>
  string(4) "1169" === ID of ae_message which insert by buyer in step 1(above)
  ["post_content"]=>
  string(2) "ok"
  ["budget"]=>
  string(2) "55"
  ["etd"]=>
  string(2) "55"
  ["action"]=>
  string(18) "ae-ae_message-sync"
  ["method"]=>
  string(6) "create"
}
Link checkout for buyer:

http://localhost:8080/et/mje/order/?pid=1169&type=custom-order